\BOOKMARK [1][-]{section*.1}{\376\377\004\042\004\065\004\100\004\074\004\070\004\075\004\113\000\040\004\070\000\040\004\076\004\077\004\100\004\065\004\064\004\065\004\073\004\065\004\075\004\070\004\117}{}% 1
\BOOKMARK [1][-]{table.1}{\376\377\004\037\004\065\004\100\004\065\004\107\004\065\004\075\004\114\000\040\004\101\004\076\004\072\004\100\004\060\004\111\004\065\004\075\004\070\004\071\000\040\004\070\000\040\004\076\004\061\004\076\004\067\004\075\004\060\004\107\004\065\004\075\004\070\004\071}{}% 2
\BOOKMARK [1][-]{table.2}{\376\377\004\022\004\062\004\065\004\064\004\065\004\075\004\070\004\065}{}% 3
\BOOKMARK [1][-]{section.1}{\376\377\004\030\004\101\004\101\004\073\004\065\004\064\004\076\004\062\004\060\004\075\004\070\004\065\000\040\004\077\004\100\004\076\004\061\004\073\004\065\004\074\004\113}{}% 4
\BOOKMARK [2][-]{subsection.1.1}{\376\377\004\036\004\077\004\070\004\101\004\060\004\075\004\070\004\065\000\040\004\077\004\100\004\076\004\061\004\073\004\065\004\074\004\113}{section.1}% 5
\BOOKMARK [2][-]{subsection.1.2}{\376\377\004\020\004\072\004\102\004\103\004\060\004\073\004\114\004\075\004\076\004\101\004\102\004\114}{section.1}% 6
\BOOKMARK [2][-]{subsection.1.3}{\376\377\004\032\004\073\004\116\004\107\004\065\004\062\004\113\004\065\000\040\004\102\004\065\004\067\004\070\004\101\004\113\000\040\000\050\004\077\004\100\004\065\004\067\004\065\004\075\004\102\004\060\004\106\004\070\004\076\004\075\004\075\004\113\004\071\000\040\004\104\004\076\004\100\004\074\004\060\004\102\000\051}{section.1}% 7
\BOOKMARK [2][-]{subsection.1.4}{\376\377\004\020\004\075\004\060\004\073\004\070\004\067\000\040\004\060\004\075\004\060\004\073\004\076\004\063\004\076\004\062}{section.1}% 8
\BOOKMARK [2][-]{subsection.1.5}{\376\377\004\041\004\102\004\065\004\071\004\072\004\105\004\076\004\073\004\064\004\065\004\100\004\113\000\040\004\070\000\040\004\076\004\066\004\070\004\064\004\060\004\065\004\074\004\113\004\071\000\040\004\115\004\104\004\104\004\065\004\072\004\102}{section.1}% 9
\BOOKMARK [2][-]{subsection.1.6}{\376\377\004\035\004\076\004\100\004\074\004\060\004\102\004\070\004\062\004\075\004\113\004\065\000\040\004\070\000\040\004\076\004\100\004\063\004\060\004\075\004\070\004\067\004\060\004\106\004\070\004\076\004\075\004\075\004\113\004\065\000\040\004\102\004\100\004\065\004\061\004\076\004\062\004\060\004\075\004\070\004\117}{section.1}% 10
\BOOKMARK [2][-]{subsection.1.7}{\376\377\004\030\004\101\004\102\004\076\004\107\004\075\004\070\004\072\004\070\000\040\004\070\000\040\004\104\004\076\004\100\004\074\004\060\004\102\004\113\000\040\004\073\004\076\004\063\004\076\004\062}{section.1}% 11
\BOOKMARK [2][-]{subsection.1.8}{\376\377\004\042\004\070\004\077\004\076\004\062\004\113\004\065\000\040\004\070\004\101\004\102\004\076\004\107\004\075\004\070\004\072\004\070\000\040\004\073\004\076\004\063\004\076\004\062\000\040\004\070\000\040\004\106\004\065\004\075\004\075\004\076\004\101\004\102\004\114}{section.1}% 12
\BOOKMARK [2][-]{subsection.1.9}{\376\377\004\036\004\061\004\067\004\076\004\100\000\040\004\075\004\060\004\103\004\107\004\075\004\113\004\105\000\040\004\077\004\076\004\064\004\105\004\076\004\064\004\076\004\062}{section.1}% 13
\BOOKMARK [2][-]{subsection.1.10}{\376\377\004\036\004\101\004\076\004\061\004\065\004\075\004\075\004\076\004\101\004\102\004\070\000\040\004\077\004\100\004\076\004\061\004\073\004\065\004\074\004\060\004\102\004\070\004\072\004\070}{section.1}% 14
\BOOKMARK [2][-]{subsection.1.11}{\376\377\004\032\004\060\004\100\004\102\004\060\000\040\004\103\004\063\004\100\004\076\004\067\000\040\004\070\000\040\004\075\004\060\004\061\004\073\004\116\004\064\004\060\004\065\004\074\004\113\004\105\000\040\004\101\004\070\004\063\004\075\004\060\004\073\004\076\004\062}{section.1}% 15
\BOOKMARK [2][-]{subsection.1.12}{\376\377\004\046\004\065\004\073\004\114\000\040\004\070\000\040\004\067\004\060\004\064\004\060\004\107\004\070\000\040\004\077\004\100\004\076\004\065\004\072\004\102\004\060}{section.1}% 16
\BOOKMARK [1][-]{section.2}{\376\377\004\040\004\065\004\110\004\065\004\075\004\070\004\065\000\040\004\077\004\100\004\076\004\061\004\073\004\065\004\074\004\113}{}% 17
\BOOKMARK [2][-]{subsection.2.1}{\376\377\004\042\004\065\004\105\004\075\004\070\004\107\004\065\004\101\004\072\004\076\004\065\000\040\004\067\004\060\004\064\004\060\004\075\004\070\004\065}{section.2}% 18
\BOOKMARK [2][-]{subsection.2.2}{\376\377\004\032\004\073\004\116\004\107\004\065\004\062\004\113\004\065\000\040\004\077\004\100\004\065\004\070\004\074\004\103\004\111\004\065\004\101\004\102\004\062\004\060\000\040\004\100\004\065\004\110\004\065\004\075\004\070\004\117}{section.2}% 19
\BOOKMARK [2][-]{subsection.2.3}{\376\377\004\042\004\100\004\065\004\061\004\076\004\062\004\060\004\075\004\070\004\117\000\040\004\072\000\040\004\064\004\060\004\075\004\075\004\113\004\074\000\040\004\070\000\040\004\072\004\060\004\107\004\065\004\101\004\102\004\062\004\103}{section.2}% 20
\BOOKMARK [2][-]{subsection.2.4}{\376\377\004\032\004\076\004\075\004\102\004\103\004\100\000\040\004\072\004\060\004\107\004\065\004\101\004\102\004\062\004\060\000\040\004\064\004\060\004\075\004\075\004\113\004\105}{section.2}% 21
\BOOKMARK [2][-]{subsection.2.5}{\376\377\004\020\004\100\004\105\004\070\004\102\004\065\004\072\004\102\004\103\004\100\004\060\000\040\004\070\000\040\004\072\004\076\004\074\004\077\004\076\004\075\004\065\004\075\004\102\004\113}{section.2}% 22
\BOOKMARK [2][-]{subsection.2.6}{\376\377\004\037\004\060\004\071\004\077\004\073\004\060\004\071\004\075\000\040\004\076\004\061\004\100\004\060\004\061\004\076\004\102\004\072\004\070}{section.2}% 23
\BOOKMARK [2][-]{subsection.2.7}{\376\377\004\026\004\070\004\067\004\075\004\065\004\075\004\075\004\113\004\071\000\040\004\106\004\070\004\072\004\073\000\040\004\074\004\076\004\064\004\065\004\073\004\070}{section.2}% 24
\BOOKMARK [2][-]{subsection.2.8}{\376\377\004\032\004\060\004\072\000\040\004\100\004\060\004\061\004\076\004\102\004\060\004\065\004\102\000\040\004\101\004\070\004\101\004\102\004\065\004\074\004\060}{section.2}% 25
\BOOKMARK [2][-]{subsection.2.9}{\376\377\004\030\004\067\004\062\004\073\004\065\004\107\004\065\004\075\004\070\004\065\000\040\004\077\004\100\004\070\004\067\004\075\004\060\004\072\004\076\004\062}{section.2}% 26
\BOOKMARK [2][-]{subsection.2.10}{\376\377\004\034\004\076\004\064\004\065\004\073\004\070\000\040\004\076\004\061\004\075\004\060\004\100\004\103\004\066\004\065\004\075\004\070\004\117}{section.2}% 27
\BOOKMARK [2][-]{subsection.2.11}{\376\377\004\041\004\100\004\060\004\062\004\075\004\065\004\075\004\070\004\065\000\040\004\077\004\076\004\064\004\105\004\076\004\064\004\076\004\062}{section.2}% 28
\BOOKMARK [2][-]{subsection.2.12}{\376\377\004\037\004\076\004\100\004\076\004\063\004\076\004\062\004\060\004\117\000\040\004\075\004\060\004\101\004\102\004\100\004\076\004\071\004\072\004\060\000\040\004\070\000\040\004\077\004\065\004\100\004\065\004\076\004\061\004\103\004\107\004\065\004\075\004\070\004\065}{section.2}% 29
\BOOKMARK [2][-]{subsection.2.13}{\376\377\004\034\004\065\004\102\004\100\004\070\004\072\004\070\000\040\004\072\004\060\004\107\004\065\004\101\004\102\004\062\004\060}{section.2}% 30
\BOOKMARK [2][-]{subsection.2.14}{\376\377\000K\000P\000I\000\040\004\070\000\040\004\076\004\077\004\065\004\100\004\060\004\106\004\070\004\076\004\075\004\075\004\113\004\065\000\040\004\074\004\065\004\102\004\100\004\070\004\072\004\070}{section.2}% 31
\BOOKMARK [2][-]{subsection.2.15}{\376\377\004\030\004\075\004\102\004\065\004\100\004\104\004\065\004\071\004\101\004\113\000\040\004\070\000\040\004\070\004\075\004\102\004\065\004\063\004\100\004\060\004\106\004\070\004\070}{section.2}% 32
\BOOKMARK [2][-]{subsection.2.16}{\376\377\004\032\004\060\004\072\000\040\004\101\004\070\004\101\004\102\004\065\004\074\004\060\000\040\004\077\004\076\004\062\004\113\004\110\004\060\004\065\004\102\000\040\004\067\004\060\004\111\004\070\004\111\004\121\004\075\004\075\004\076\004\101\004\102\004\114}{section.2}% 33
\BOOKMARK [2][-]{subsection.2.17}{\376\377\004\021\004\065\004\067\004\076\004\077\004\060\004\101\004\075\004\076\004\101\004\102\004\114\000\040\004\070\000\040\004\103\004\101\004\102\004\076\004\071\004\107\004\070\004\062\004\076\004\101\004\102\004\114}{section.2}% 34
\BOOKMARK [2][-]{subsection.2.18}{\376\377\004\022\004\113\004\061\004\076\004\100\000\040\004\102\004\065\004\105\004\075\004\076\004\073\004\076\004\063\004\070\004\071}{section.2}% 35
\BOOKMARK [1][-]{section.3}{\376\377\004\040\004\065\004\060\004\073\004\070\004\067\004\060\004\106\004\070\004\117\000\040\004\070\000\040\004\100\004\065\004\067\004\103\004\073\004\114\004\102\004\060\004\102\004\113}{}% 36
\BOOKMARK [2][-]{subsection.3.1}{\376\377\004\023\004\065\004\075\004\065\004\100\004\060\004\102\004\076\004\100\000\040\004\101\004\070\004\075\004\102\004\065\004\102\004\070\004\107\004\065\004\101\004\072\004\070\004\105\000\040\004\073\004\076\004\063\004\076\004\062}{section.3}% 37
\BOOKMARK [2][-]{subsection.3.2}{\376\377\004\034\004\076\004\064\004\065\004\073\004\114\000\040\004\064\004\060\004\075\004\075\004\113\004\105\000\040\004\070\000\040\004\105\004\100\004\060\004\075\004\065\004\075\004\070\004\065}{section.3}% 38
\BOOKMARK [2][-]{subsection.3.3}{\376\377\004\022\004\070\004\067\004\103\004\060\004\073\004\070\004\067\004\060\004\106\004\070\004\117\000\040\004\070\000\040\004\074\004\065\004\102\004\100\004\070\004\072\004\070}{section.3}% 39
\BOOKMARK [2][-]{subsection.3.4}{\376\377\004\035\004\060\004\061\004\076\004\100\000\040\004\115\004\072\004\101\004\077\004\065\004\100\004\070\004\074\004\065\004\075\004\102\004\060\004\073\004\114\004\075\004\113\004\105\000\040\004\101\004\106\004\065\004\075\004\060\004\100\004\070\004\065\004\062}{section.3}% 40
\BOOKMARK [2][-]{subsection.3.5}{\376\377\004\055\004\072\004\101\004\077\004\065\004\100\004\070\004\074\004\065\004\075\004\102\004\060\004\073\004\114\004\075\004\060\004\117\000\040\004\076\004\106\004\065\004\075\004\072\004\060}{section.3}% 41
\BOOKMARK [2][-]{subsection.3.6}{\376\377\004\030\004\073\004\073\004\116\004\101\004\102\004\100\004\060\004\102\004\070\004\062\004\075\004\113\004\065\000\040\004\100\004\065\004\067\004\103\004\073\004\114\004\102\004\060\004\102\004\113\000\040\004\075\004\060\000\040\004\101\004\070\004\075\004\102\004\065\004\102\004\070\004\072\004\065}{section.3}% 42
\BOOKMARK [2][-]{subsection.3.7}{\376\377\004\032\004\065\004\071\004\101\004\113\000,\000\040\004\063\004\064\004\065\000\040\004\101\004\070\004\101\004\102\004\065\004\074\004\060\000\040\004\074\004\076\004\063\004\073\004\060\000\040\004\061\004\113\000\040\004\077\004\076\004\074\004\076\004\107\004\114}{section.3}% 43
\BOOKMARK [2][-]{subsection.3.8}{\376\377\004\041\004\106\004\065\004\075\004\060\004\100\004\070\004\071\000\040\004\064\004\065\004\074\004\076\004\075\004\101\004\102\004\100\004\060\004\106\004\070\004\070}{section.3}% 44
\BOOKMARK [2][-]{subsection.3.9}{\376\377\004\042\004\065\004\101\004\102\004\070\004\100\004\076\004\062\004\060\004\075\004\070\004\065\000\040\004\070\000\040\000C\000I\000/\000C\000D}{section.3}% 45
\BOOKMARK [1][-]{section.4}{\376\377\004\036\004\106\004\065\004\075\004\072\004\060\000\040\004\115\004\104\004\104\004\065\004\072\004\102\004\070\004\062\004\075\004\076\004\101\004\102\004\070\000\040\004\070\000\040\004\077\004\065\004\100\004\101\004\077\004\065\004\072\004\102\004\070\004\062\004\113\000\040\004\100\004\060\004\067\004\062\004\070\004\102\004\070\004\117}{}% 46
\BOOKMARK [2][-]{subsection.4.1}{\376\377\004\055\004\104\004\104\004\065\004\072\004\102\004\070\004\062\004\075\004\076\004\101\004\102\004\114\000\040\004\100\004\065\004\110\004\065\004\075\004\070\004\117}{section.4}% 47
\BOOKMARK [2][-]{subsection.4.2}{\376\377\004\037\004\065\004\100\004\101\004\077\004\065\004\072\004\102\004\070\004\062\004\113\000\040\004\100\004\060\004\067\004\062\004\070\004\102\004\070\004\117}{section.4}% 48
\BOOKMARK [2][-]{subsection.4.3}{\376\377\004\037\004\073\004\060\004\075\000\040\004\062\004\075\004\065\004\064\004\100\004\065\004\075\004\070\004\117\000\040\000\050\004\077\004\100\004\065\004\067\004\065\004\075\004\102\004\060\004\106\004\070\004\076\004\075\004\075\004\113\004\071\000\040\004\104\004\076\004\100\004\074\004\060\004\102\000\051}{section.4}% 49
\BOOKMARK [2][-]{subsection.4.4}{\376\377\004\040\004\070\004\101\004\072\004\070\000\040\004\070\000\040\004\074\004\065\004\100\004\113}{section.4}% 50
\BOOKMARK [1][-]{section.5}{\376\377\004\024\004\076\004\077\004\103\004\111\004\065\004\075\004\070\004\117\000\040\004\070\000\040\004\076\004\063\004\100\004\060\004\075\004\070\004\107\004\065\004\075\004\070\004\117}{}% 51
\BOOKMARK [1][-]{section.5}{\376\377\004\027\004\060\004\072\004\073\004\116\004\107\004\065\004\075\004\070\004\065}{}% 52
\BOOKMARK [1][-]{section*.5}{\376\377\004\041\004\077\004\070\004\101\004\076\004\072\000\040\004\070\004\101\004\077\004\076\004\073\004\114\004\067\004\076\004\062\004\060\004\075\004\075\004\113\004\105\000\040\004\070\004\101\004\102\004\076\004\107\004\075\004\070\004\072\004\076\004\062}{}% 53
